<?xml version="1.0" encoding="UTF-8"?>
<!-- Generated by org.testng.reporters.JUnitReportReporter -->
<testsuite hostname="DESKTOP-7O8NPUL" failures="0" tests="1" name="testProject.tests.TestLogin" time="35.233" errors="0" timestamp="2024-04-12T23:57:51 IST" skipped="0">
  <testcase classname="testProject.tests.TestLogin" name="test1" time="35.233"/>
</testsuite> <!-- testProject.tests.TestLogin -->
