<?xml version="1.0" encoding="UTF-8"?>
<!-- Generated by org.testng.reporters.JUnitReportReporter -->
<testsuite hostname="DESKTOP-7O8NPUL" failures="0" tests="1" name="testProject.TestLogin" time="32.991" errors="0" timestamp="2024-04-12T19:04:10 IST" skipped="0">
  <testcase classname="testProject.TestLogin" name="test1" time="32.991"/>
</testsuite> <!-- testProject.TestLogin -->
